<?xml version="1.0" encoding="UTF-8"?>
<!-- Generated by org.testng.reporters.JUnitXMLReporter -->
<testsuite hostname="VHT-HO-LP-227" ignored="7" name="Preauth-Regression-TestCase REJECT PA" tests="3" failures="0" timestamp="05 Mar 2020 09:35:20 GMT" time="40.567" errors="0">
  <testcase name="@BeforeMethod initialization" time="40.536" classname="com.qa.vidalhealth.Base.TestBase">
    <failure type="org.openqa.selenium.NoSuchElementException" message="no such element: Unable to locate element: {&amp;quot;method&amp;quot;:&amp;quot;css selector&amp;quot;,&amp;quot;selector&amp;quot;:&amp;quot;*[name=&amp;apos;username&amp;apos;]&amp;quot;}
  (Session info: chrome=80.0.3987.132)
For documentation on this error, please visit: https://www.seleniumhq.org/exceptions/no_such_element.html
Build info: version: &amp;apos;3.141.59&amp;apos;, revision: &amp;apos;e82be7d358&amp;apos;, time: &amp;apos;2018-11-14T08:17:03&amp;apos;
System info: host: &amp;apos;VHT-HO-LP-227&amp;apos;, ip: &amp;apos;10.1.2.44&amp;apos;, os.name: &amp;apos;Windows 10&amp;apos;, os.arch: &amp;apos;amd64&amp;apos;, os.version: &amp;apos;10.0&amp;apos;, java.version: &amp;apos;1.8.0_171&amp;apos;
Driver info: org.openqa.selenium.chrome.ChromeDriver
Capabilities {acceptInsecureCerts: false, browserName: chrome, browserVersion: 80.0.3987.132, chrome: {chromedriverVersion: 80.0.3987.106 (f68069574609..., userDataDir: C:\Users\vijay\AppData\Loca...}, goog:chromeOptions: {debuggerAddress: localhost:63940}, javascriptEnabled: true, networkConnectionEnabled: false, pageLoadStrategy: normal, platform: WINDOWS, platformName: WINDOWS, proxy: Proxy(), setWindowRect: true, strictFileInteractability: false, timeouts: {implicit: 0, pageLoad: 300000, script: 30000}, unhandledPromptBehavior: dismiss and notify}
Session ID: 338263f3f3799ae65f22a76661ef2486
*** Element info: {Using=name, value=username}">
      <![CDATA[org.openqa.selenium.NoSuchElementException: no such element: Unable to locate element: {"method":"css selector","selector":"*[name='username']"}
  (Session info: chrome=80.0.3987.132)
For documentation on this error, please visit: https://www.seleniumhq.org/exceptions/no_such_element.html
Build info: version: '3.141.59', revision: 'e82be7d358', time: '2018-11-14T08:17:03'
System info: host: 'VHT-HO-LP-227', ip: '10.1.2.44', os.name: 'Windows 10', os.arch: 'amd64', os.version: '10.0', java.version: '1.8.0_171'
Driver info: org.openqa.selenium.chrome.ChromeDriver
Capabilities {acceptInsecureCerts: false, browserName: chrome, browserVersion: 80.0.3987.132, chrome: {chromedriverVersion: 80.0.3987.106 (f68069574609..., userDataDir: C:\Users\vijay\AppData\Loca...}, goog:chromeOptions: {debuggerAddress: localhost:63940}, javascriptEnabled: true, networkConnectionEnabled: false, pageLoadStrategy: normal, platform: WINDOWS, platformName: WINDOWS, proxy: Proxy(), setWindowRect: true, strictFileInteractability: false, timeouts: {implicit: 0, pageLoad: 300000, script: 30000}, unhandledPromptBehavior: dismiss and notify}
Session ID: 338263f3f3799ae65f22a76661ef2486
*** Element info: {Using=name, value=username}
at org.openqa.selenium.remote.http.W3CHttpResponseCodec.createException(W3CHttpResponseCodec.java:187)
at org.openqa.selenium.remote.http.W3CHttpResponseCodec.decode(W3CHttpResponseCodec.java:122)
at org.openqa.selenium.remote.http.W3CHttpResponseCodec.decode(W3CHttpResponseCodec.java:49)
at org.openqa.selenium.remote.HttpCommandExecutor.execute(HttpCommandExecutor.java:158)
at org.openqa.selenium.remote.service.DriverCommandExecutor.execute(DriverCommandExecutor.java:83)
at org.openqa.selenium.remote.RemoteWebDriver.execute(RemoteWebDriver.java:552)
at org.openqa.selenium.remote.RemoteWebDriver.findElement(RemoteWebDriver.java:323)
at org.openqa.selenium.remote.RemoteWebDriver.findElementByName(RemoteWebDriver.java:404)
at org.openqa.selenium.By$ByName.findElement(By.java:284)
at org.openqa.selenium.remote.RemoteWebDriver.findElement(RemoteWebDriver.java:315)
at org.openqa.selenium.support.pagefactory.DefaultElementLocator.findElement(DefaultElementLocator.java:69)
at org.openqa.selenium.support.pagefactory.internal.LocatingElementHandler.invoke(LocatingElementHandler.java:38)
at com.sun.proxy.$Proxy10.sendKeys(Unknown Source)
at com.qa.vidalhealth.Pages.LoginPage.login(LoginPage.java:49)
at com.qa.vidalhealth.Base.TestBase.initialization(TestBase.java:161)
... Removed 32 stack frames]]>
    </failure>
  </testcase> <!-- @BeforeMethod initialization -->
  <testcase name="@AfterMethod teardown" time="0.0" classname="com.qa.vidalhealth.Base.TestBase">
    <skipped/>
  </testcase> <!-- @AfterMethod teardown -->
  <testcase name="@BeforeMethod initialization" time="0.0" classname="com.qa.vidalhealth.Base.TestBase">
    <skipped/>
  </testcase> <!-- @BeforeMethod initialization -->
  <testcase name="@AfterMethod teardown" time="0.0" classname="com.qa.vidalhealth.Base.TestBase">
    <skipped/>
  </testcase> <!-- @AfterMethod teardown -->
  <testcase name="@BeforeMethod initialization" time="0.0" classname="com.qa.vidalhealth.Base.TestBase">
    <skipped/>
  </testcase> <!-- @BeforeMethod initialization -->
  <testcase name="@AfterMethod teardown" time="0.0" classname="com.qa.vidalhealth.Base.TestBase">
    <skipped/>
  </testcase> <!-- @AfterMethod teardown -->
  <testcase name="preauthGEDTest" time="0.0" classname="com.qa.vidalhealth.TestScripts.RegularPreAuthGEDTest">
    <skipped/>
  </testcase> <!-- preauthGEDTest -->
  <testcase name="ManualPreAuthMedicalTest" time="0.0" classname="com.qa.vidalhealth.TestScripts.PreAuthMedicalTest">
    <skipped/>
  </testcase> <!-- ManualPreAuthMedicalTest -->
  <testcase name="PreauthTariffTest" time="0.0" classname="com.qa.vidalhealth.TestScripts.PreauthTariffTest">
    <skipped/>
  </testcase> <!-- PreauthTariffTest -->
  <testcase name="requiredInformation_PreauthAuthorisationTest" time="0.0" classname="com.qa.vidalhealth.TestScripts.PreauthAuthorisationTest">
    <ignored/>
  </testcase> <!-- requiredInformation_PreauthAuthorisationTest -->
  <testcase name="@AfterSuite autoReport_MailTrigger" time="0.0" classname="com.qa.vidalhealth.Base.TestBase">
    <ignored/>
  </testcase> <!-- @AfterSuite autoReport_MailTrigger -->
  <testcase name="@AfterSuite autoReport_MailTrigger" time="0.0" classname="com.qa.vidalhealth.Base.TestBase">
    <ignored/>
  </testcase> <!-- @AfterSuite autoReport_MailTrigger -->
  <testcase name="@AfterSuite autoReport_MailTrigger" time="0.0" classname="com.qa.vidalhealth.Base.TestBase">
    <ignored/>
  </testcase> <!-- @AfterSuite autoReport_MailTrigger -->
  <testcase name="approve_PreauthAuthorisationTest_withoutResolveDiscrepancies" time="0.0" classname="com.qa.vidalhealth.TestScripts.PreauthAuthorisationTest">
    <ignored/>
  </testcase> <!-- approve_PreauthAuthorisationTest_withoutResolveDiscrepancies -->
  <testcase name="reject_PreauthAuthorisationTest" time="0.0" classname="com.qa.vidalhealth.TestScripts.PreauthAuthorisationTest">
    <ignored/>
  </testcase> <!-- reject_PreauthAuthorisationTest -->
  <testcase name="approve_PreauthAuthorisationTest" time="0.0" classname="com.qa.vidalhealth.TestScripts.PreauthAuthorisationTest">
    <ignored/>
  </testcase> <!-- approve_PreauthAuthorisationTest -->
</testsuite> <!-- Preauth-Regression-TestCase REJECT PA -->
